TXTNotes/app/build/intermediates/manifest_merge_blame_file/release/processReleaseMainManifest/manifest-merger-blame-release-report.txt
1<?xml version="1.0" encoding="utf-8"?>
2<manifest xmlns:android="http://schemas.android.com/apk/res/android"
3    package="barilyuk.writeintxt"
4    android:versionCode="1"
5    android:versionName="1.0" >
6
7    <uses-sdk
8        android:minSdkVersion="26"
9        android:targetSdkVersion="34" />
10
11    <uses-permission android:name="android.permission.READ_EXTERNAL_STORAGE" />
11-->src/main/AndroidManifest.xml:127:5-79
11-->src/main/AndroidManifest.xml:127:22-77
12    <uses-permission
12-->src/main/AndroidManifest.xml:128:5-107
13        android:name="android.permission.WRITE_EXTERNAL_STORAGE"
13-->src/main/AndroidManifest.xml:128:22-78
14        android:maxSdkVersion="28" />
14-->src/main/AndroidManifest.xml:128:79-105
15
16    <permission
16-->[androidx.core:core:1.9.0] AndroidManifest.xml:22:5-24:47
17        android:name="barilyuk.writeintxt.DYNAMIC_RECEIVER_NOT_EXPORTED_PERMISSION"
17-->[androidx.core:core:1.9.0] AndroidManifest.xml:23:9-81
18        android:protectionLevel="signature" />
18-->[androidx.core:core:1.9.0] AndroidManifest.xml:24:9-44
19
20    <uses-permission android:name="barilyuk.writeintxt.DYNAMIC_RECEIVER_NOT_EXPORTED_PERMISSION" />
20-->[androidx.core:core:1.9.0] AndroidManifest.xml:26:5-97
20-->[androidx.core:core:1.9.0] AndroidManifest.xml:26:22-94
21
22    <application
22-->src/main/AndroidManifest.xml:3:5-125:19
23        android:allowBackup="true"
23-->src/main/AndroidManifest.xml:4:9-35
24        android:appComponentFactory="androidx.core.app.CoreComponentFactory"
24-->[androidx.core:core:1.9.0] AndroidManifest.xml:28:18-86
25        android:extractNativeLibs="false"
26        android:icon="@mipmap/ic_launcher"
26-->src/main/AndroidManifest.xml:5:9-43
27        android:label="@string/app_name"
27-->src/main/AndroidManifest.xml:6:9-41
28        android:roundIcon="@mipmap/ic_launcher_round"
28-->src/main/AndroidManifest.xml:7:9-54
29        android:supportsRtl="true"
29-->src/main/AndroidManifest.xml:8:9-35
30        android:theme="@style/Theme.AppCompat.Light.NoActionBar" >
30-->src/main/AndroidManifest.xml:9:9-65
31        <activity
31-->src/main/AndroidManifest.xml:11:9-17:20
32            android:name="barilyuk.texetescribe.MainActivity"
32-->src/main/AndroidManifest.xml:11:19-68
33            android:exported="true" >
33-->src/main/AndroidManifest.xml:12:13-36
34            <intent-filter>
34-->src/main/AndroidManifest.xml:13:13-16:29
35                <action android:name="android.intent.action.MAIN" />
35-->src/main/AndroidManifest.xml:14:17-69
35-->src/main/AndroidManifest.xml:14:25-66
36
37                <category android:name="android.intent.category.LAUNCHER" />
37-->src/main/AndroidManifest.xml:15:17-77
37-->src/main/AndroidManifest.xml:15:27-74
38            </intent-filter>
39        </activity>
40        <activity
40-->src/main/AndroidManifest.xml:19:9-123:20
41            android:name="barilyuk.texetescribe.EditActivity"
41-->src/main/AndroidManifest.xml:19:19-68
42            android:exported="true"
42-->src/main/AndroidManifest.xml:20:13-36
43            android:windowSoftInputMode="adjustResize" >
43-->src/main/AndroidManifest.xml:21:13-55
44            <intent-filter android:priority="100" >
44-->src/main/AndroidManifest.xml:22:13-29:29
44-->src/main/AndroidManifest.xml:22:28-50
45                <action android:name="android.intent.action.VIEW" />
45-->src/main/AndroidManifest.xml:23:17-69
45-->src/main/AndroidManifest.xml:23:25-66
46
47                <category android:name="android.intent.category.DEFAULT" />
47-->src/main/AndroidManifest.xml:24:17-76
47-->src/main/AndroidManifest.xml:24:27-73
48                <category android:name="android.intent.category.BROWSABLE" />
48-->src/main/AndroidManifest.xml:25:17-78
48-->src/main/AndroidManifest.xml:25:27-75
49
50                <data android:scheme="file" />
50-->src/main/AndroidManifest.xml:26:17-47
50-->src/main/AndroidManifest.xml:26:23-44
51                <data android:scheme="content" />
51-->src/main/AndroidManifest.xml:26:17-47
51-->src/main/AndroidManifest.xml:26:23-44
52                <data android:mimeType="text/*" />
52-->src/main/AndroidManifest.xml:26:17-47
52-->src/main/AndroidManifest.xml:28:23-48
53            </intent-filter>
54            <!-- Markdown -->
55            <intent-filter>
55-->src/main/AndroidManifest.xml:31:13-40:29
56                <action android:name="android.intent.action.VIEW" />
56-->src/main/AndroidManifest.xml:23:17-69
56-->src/main/AndroidManifest.xml:23:25-66
57
58                <category android:name="android.intent.category.DEFAULT" />
58-->src/main/AndroidManifest.xml:24:17-76
58-->src/main/AndroidManifest.xml:24:27-73
59                <category android:name="android.intent.category.BROWSABLE" />
59-->src/main/AndroidManifest.xml:25:17-78
59-->src/main/AndroidManifest.xml:25:27-75
60
61                <data android:mimeType="text/markdown" />
61-->src/main/AndroidManifest.xml:26:17-47
61-->src/main/AndroidManifest.xml:28:23-48
62                <data android:mimeType="text/x-markdown" />
62-->src/main/AndroidManifest.xml:26:17-47
62-->src/main/AndroidManifest.xml:28:23-48
63                <data android:mimeType="application/octet-stream" />
63-->src/main/AndroidManifest.xml:26:17-47
63-->src/main/AndroidManifest.xml:28:23-48
64                <data android:pathPattern=".*\\.md" />
64-->src/main/AndroidManifest.xml:26:17-47
64-->src/main/AndroidManifest.xml:38:23-52
65                <data android:pathPattern=".*\\.markdown" />
65-->src/main/AndroidManifest.xml:26:17-47
65-->src/main/AndroidManifest.xml:38:23-52
66            </intent-filter>
67
68            <!-- Config files: INI, CFG, CONF, PROPERTIES, TOML -->
69            <intent-filter>
69-->src/main/AndroidManifest.xml:43:13-58:29
70                <action android:name="android.intent.action.VIEW" />
70-->src/main/AndroidManifest.xml:23:17-69
70-->src/main/AndroidManifest.xml:23:25-66
71
72                <category android:name="android.intent.category.DEFAULT" />
72-->src/main/AndroidManifest.xml:24:17-76
72-->src/main/AndroidManifest.xml:24:27-73
73                <category android:name="android.intent.category.BROWSABLE" />
73-->src/main/AndroidManifest.xml:25:17-78
73-->src/main/AndroidManifest.xml:25:27-75
74
75                <data android:mimeType="text/plain" />
75-->src/main/AndroidManifest.xml:26:17-47
75-->src/main/AndroidManifest.xml:28:23-48
76                <data android:mimeType="application/octet-stream" />
76-->src/main/AndroidManifest.xml:26:17-47
76-->src/main/AndroidManifest.xml:28:23-48
77                <data android:pathPattern=".*\\.ini" />
77-->src/main/AndroidManifest.xml:26:17-47
77-->src/main/AndroidManifest.xml:38:23-52
78                <data android:pathPattern=".*\\.cfg" />
78-->src/main/AndroidManifest.xml:26:17-47
78-->src/main/AndroidManifest.xml:38:23-52
79                <data android:pathPattern=".*\\.conf" />
79-->src/main/AndroidManifest.xml:26:17-47
79-->src/main/AndroidManifest.xml:38:23-52
80                <data android:pathPattern=".*\\.properties" />
80-->src/main/AndroidManifest.xml:26:17-47
80-->src/main/AndroidManifest.xml:38:23-52
81
82                <!-- TOML specific -->
83                <data android:mimeType="application/toml" />
83-->src/main/AndroidManifest.xml:26:17-47
83-->src/main/AndroidManifest.xml:28:23-48
84                <data android:pathPattern=".*\\.toml" />
84-->src/main/AndroidManifest.xml:26:17-47
84-->src/main/AndroidManifest.xml:38:23-52
85            </intent-filter>
86
87            <!-- YAML -->
88            <intent-filter>
88-->src/main/AndroidManifest.xml:61:13-70:29
89                <action android:name="android.intent.action.VIEW" />
89-->src/main/AndroidManifest.xml:23:17-69
89-->src/main/AndroidManifest.xml:23:25-66
90
91                <category android:name="android.intent.category.DEFAULT" />
91-->src/main/AndroidManifest.xml:24:17-76
91-->src/main/AndroidManifest.xml:24:27-73
92                <category android:name="android.intent.category.BROWSABLE" />
92-->src/main/AndroidManifest.xml:25:17-78
92-->src/main/AndroidManifest.xml:25:27-75
93
94                <data android:mimeType="application/x-yaml" />
94-->src/main/AndroidManifest.xml:26:17-47
94-->src/main/AndroidManifest.xml:28:23-48
95                <data android:mimeType="text/yaml" />
95-->src/main/AndroidManifest.xml:26:17-47
95-->src/main/AndroidManifest.xml:28:23-48
96                <data android:mimeType="application/octet-stream" />
96-->src/main/AndroidManifest.xml:26:17-47
96-->src/main/AndroidManifest.xml:28:23-48
97                <data android:pathPattern=".*\\.yaml" />
97-->src/main/AndroidManifest.xml:26:17-47
97-->src/main/AndroidManifest.xml:38:23-52
98                <data android:pathPattern=".*\\.yml" />
98-->src/main/AndroidManifest.xml:26:17-47
98-->src/main/AndroidManifest.xml:38:23-52
99            </intent-filter>
100
101            <!-- reStructuredText -->
102            <intent-filter>
102-->src/main/AndroidManifest.xml:73:13-80:29
103                <action android:name="android.intent.action.VIEW" />
103-->src/main/AndroidManifest.xml:23:17-69
103-->src/main/AndroidManifest.xml:23:25-66
104
105                <category android:name="android.intent.category.DEFAULT" />
105-->src/main/AndroidManifest.xml:24:17-76
105-->src/main/AndroidManifest.xml:24:27-73
106                <category android:name="android.intent.category.BROWSABLE" />
106-->src/main/AndroidManifest.xml:25:17-78
106-->src/main/AndroidManifest.xml:25:27-75
107
108                <data android:mimeType="text/x-rst" />
108-->src/main/AndroidManifest.xml:26:17-47
108-->src/main/AndroidManifest.xml:28:23-48
109                <data android:mimeType="application/octet-stream" />
109-->src/main/AndroidManifest.xml:26:17-47
109-->src/main/AndroidManifest.xml:28:23-48
110                <data android:pathPattern=".*\\.rst" />
110-->src/main/AndroidManifest.xml:26:17-47
110-->src/main/AndroidManifest.xml:38:23-52
111            </intent-filter>
112
113            <!-- Logs -->
114            <intent-filter>
114-->src/main/AndroidManifest.xml:83:13-91:29
115                <action android:name="android.intent.action.VIEW" />
115-->src/main/AndroidManifest.xml:23:17-69
115-->src/main/AndroidManifest.xml:23:25-66
116
117                <category android:name="android.intent.category.DEFAULT" />
117-->src/main/AndroidManifest.xml:24:17-76
117-->src/main/AndroidManifest.xml:24:27-73
118                <category android:name="android.intent.category.BROWSABLE" />
118-->src/main/AndroidManifest.xml:25:17-78
118-->src/main/AndroidManifest.xml:25:27-75
119
120                <data android:mimeType="text/plain" />
120-->src/main/AndroidManifest.xml:26:17-47
120-->src/main/AndroidManifest.xml:28:23-48
121                <data android:mimeType="application/octet-stream" />
121-->src/main/AndroidManifest.xml:26:17-47
121-->src/main/AndroidManifest.xml:28:23-48
122                <data android:pathPattern=".*\\.log" />
122-->src/main/AndroidManifest.xml:26:17-47
122-->src/main/AndroidManifest.xml:38:23-52
123                <data android:pathPattern=".*\\.out" />
123-->src/main/AndroidManifest.xml:26:17-47
123-->src/main/AndroidManifest.xml:38:23-52
124            </intent-filter>
125
126            <!-- Structured Data: JSON, XML, CSV, HTML -->
127            <intent-filter>
127-->src/main/AndroidManifest.xml:94:13-122:29
128                <action android:name="android.intent.action.VIEW" />
128-->src/main/AndroidManifest.xml:23:17-69
128-->src/main/AndroidManifest.xml:23:25-66
129
130                <category android:name="android.intent.category.DEFAULT" />
130-->src/main/AndroidManifest.xml:24:17-76
130-->src/main/AndroidManifest.xml:24:27-73
131                <category android:name="android.intent.category.BROWSABLE" />
131-->src/main/AndroidManifest.xml:25:17-78
131-->src/main/AndroidManifest.xml:25:27-75
132
133                <!-- JSON -->
134                <data android:mimeType="application/json" />
134-->src/main/AndroidManifest.xml:26:17-47
134-->src/main/AndroidManifest.xml:28:23-48
135                <data android:mimeType="text/json" />
135-->src/main/AndroidManifest.xml:26:17-47
135-->src/main/AndroidManifest.xml:28:23-48
136                <data android:pathPattern=".*\\.json" />
136-->src/main/AndroidManifest.xml:26:17-47
136-->src/main/AndroidManifest.xml:38:23-52
137
138                <!-- XML -->
139                <data android:mimeType="text/xml" />
139-->src/main/AndroidManifest.xml:26:17-47
139-->src/main/AndroidManifest.xml:28:23-48
140                <data android:mimeType="application/xml" />
140-->src/main/AndroidManifest.xml:26:17-47
140-->src/main/AndroidManifest.xml:28:23-48
141                <data android:pathPattern=".*\\.xml" />
141-->src/main/AndroidManifest.xml:26:17-47
141-->src/main/AndroidManifest.xml:38:23-52
142
143                <!-- CSV -->
144                <data android:mimeType="text/csv" />
144-->src/main/AndroidManifest.xml:26:17-47
144-->src/main/AndroidManifest.xml:28:23-48
145                <data android:mimeType="application/vnd.ms-excel" />
145-->src/main/AndroidManifest.xml:26:17-47
145-->src/main/AndroidManifest.xml:28:23-48
146                <data android:pathPattern=".*\\.csv" />
146-->src/main/AndroidManifest.xml:26:17-47
146-->src/main/AndroidManifest.xml:38:23-52
147
148                <!-- HTML -->
149                <data android:mimeType="text/html" />
149-->src/main/AndroidManifest.xml:26:17-47
149-->src/main/AndroidManifest.xml:28:23-48
150                <data android:mimeType="application/xhtml+xml" />
150-->src/main/AndroidManifest.xml:26:17-47
150-->src/main/AndroidManifest.xml:28:23-48
151                <data android:pathPattern=".*\\.html" />
151-->src/main/AndroidManifest.xml:26:17-47
151-->src/main/AndroidManifest.xml:38:23-52
152                <data android:pathPattern=".*\\.htm" />
152-->src/main/AndroidManifest.xml:26:17-47
152-->src/main/AndroidManifest.xml:38:23-52
153
154                <!-- fallback -->
155                <data android:mimeType="application/octet-stream" />
155-->src/main/AndroidManifest.xml:26:17-47
155-->src/main/AndroidManifest.xml:28:23-48
156            </intent-filter>
157        </activity>
158
159        <provider
159-->[androidx.emoji2:emoji2:1.2.0] AndroidManifest.xml:24:9-32:20
160            android:name="androidx.startup.InitializationProvider"
160-->[androidx.emoji2:emoji2:1.2.0] AndroidManifest.xml:25:13-67
161            android:authorities="barilyuk.writeintxt.androidx-startup"
161-->[androidx.emoji2:emoji2:1.2.0] AndroidManifest.xml:26:13-68
162            android:exported="false" >
162-->[androidx.emoji2:emoji2:1.2.0] AndroidManifest.xml:27:13-37
163            <meta-data
163-->[androidx.emoji2:emoji2:1.2.0] AndroidManifest.xml:29:13-31:52
164                android:name="androidx.emoji2.text.EmojiCompatInitializer"
164-->[androidx.emoji2:emoji2:1.2.0] AndroidManifest.xml:30:17-75
165                android:value="androidx.startup" />
165-->[androidx.emoji2:emoji2:1.2.0] AndroidManifest.xml:31:17-49
166            <meta-data
166-->[androidx.lifecycle:lifecycle-process:2.6.1] AndroidManifest.xml:29:13-31:52
167                android:name="androidx.lifecycle.ProcessLifecycleInitializer"
167-->[androidx.lifecycle:lifecycle-process:2.6.1] AndroidManifest.xml:30:17-78
168                android:value="androidx.startup" />
168-->[androidx.lifecycle:lifecycle-process:2.6.1] AndroidManifest.xml:31:17-49
169            <meta-data
169-->[androidx.profileinstaller:profileinstaller:1.3.0] AndroidManifest.xml:29:13-31:52
170                android:name="androidx.profileinstaller.ProfileInstallerInitializer"
170-->[androidx.profileinstaller:profileinstaller:1.3.0] AndroidManifest.xml:30:17-85
171                android:value="androidx.startup" />
171-->[androidx.profileinstaller:profileinstaller:1.3.0] AndroidManifest.xml:31:17-49
172        </provider>
173
174        <receiver
174-->[androidx.profileinstaller:profileinstaller:1.3.0] AndroidManifest.xml:34:9-52:20
175            android:name="androidx.profileinstaller.ProfileInstallReceiver"
175-->[androidx.profileinstaller:profileinstaller:1.3.0] AndroidManifest.xml:35:13-76
176            android:directBootAware="false"
176-->[androidx.profileinstaller:profileinstaller:1.3.0] AndroidManifest.xml:36:13-44
177            android:enabled="true"
177-->[androidx.profileinstaller:profileinstaller:1.3.0] AndroidManifest.xml:37:13-35
178            android:exported="true"
178-->[androidx.profileinstaller:profileinstaller:1.3.0] AndroidManifest.xml:38:13-36
179            android:permission="android.permission.DUMP" >
179-->[androidx.profileinstaller:profileinstaller:1.3.0] AndroidManifest.xml:39:13-57
180            <intent-filter>
180-->[androidx.profileinstaller:profileinstaller:1.3.0] AndroidManifest.xml:40:13-42:29
181                <action android:name="androidx.profileinstaller.action.INSTALL_PROFILE" />
181-->[androidx.profileinstaller:profileinstaller:1.3.0] AndroidManifest.xml:41:17-91
181-->[androidx.profileinstaller:profileinstaller:1.3.0] AndroidManifest.xml:41:25-88
182            </intent-filter>
183            <intent-filter>
183-->[androidx.profileinstaller:profileinstaller:1.3.0] AndroidManifest.xml:43:13-45:29
184                <action android:name="androidx.profileinstaller.action.SKIP_FILE" />
184-->[androidx.profileinstaller:profileinstaller:1.3.0] AndroidManifest.xml:44:17-85
184-->[androidx.profileinstaller:profileinstaller:1.3.0] AndroidManifest.xml:44:25-82
185            </intent-filter>
186            <intent-filter>
186-->[androidx.profileinstaller:profileinstaller:1.3.0] AndroidManifest.xml:46:13-48:29
187                <action android:name="androidx.profileinstaller.action.SAVE_PROFILE" />
187-->[androidx.profileinstaller:profileinstaller:1.3.0] AndroidManifest.xml:47:17-88
187-->[androidx.profileinstaller:profileinstaller:1.3.0] AndroidManifest.xml:47:25-85
188            </intent-filter>
189            <intent-filter>
189-->[androidx.profileinstaller:profileinstaller:1.3.0] AndroidManifest.xml:49:13-51:29
190                <action android:name="androidx.profileinstaller.action.BENCHMARK_OPERATION" />
190-->[androidx.profileinstaller:profileinstaller:1.3.0] AndroidManifest.xml:50:17-95
190-->[androidx.profileinstaller:profileinstaller:1.3.0] AndroidManifest.xml:50:25-92
191            </intent-filter>
192        </receiver>
193    </application>
194
195</manifest>